This is pdfTeX, Version 3.14159265-2.6-1.40.17 (TeX Live 2016/Debian) (preloaded format=pdflatex 2017.5.1)  16 JUL 2019 11:30
entering extended mode
 restricted \write18 enabled.
 %&-line parsing enabled.
**main.tex
(./main.tex
LaTeX2e <2017/01/01> patch level 3
Babel <3.9r> and hyphenation patterns for 5 language(s) loaded.
(/usr/share/texlive/texmf-dist/tex/latex/base/article.cls
Document Class: article 2014/09/29 v1.4h Standard LaTeX document class
(/usr/share/texlive/texmf-dist/tex/latex/base/size12.clo
File: size12.clo 2014/09/29 v1.4h Standard LaTeX file (size option)
)
\c@part=\count79
\c@section=\count80
\c@subsection=\count81
\c@subsubsection=\count82
\c@paragraph=\count83
\c@subparagraph=\count84
\c@figure=\count85
\c@table=\count86
\abovecaptionskip=\skip41
\belowcaptionskip=\skip42
\bibindent=\dimen102
)
(/usr/share/texlive/texmf-dist/tex/latex/graphics/epsfig.sty
Package: epsfig 1999/02/16 v1.7a (e)psfig emulation (SPQR)

(/usr/share/texlive/texmf-dist/tex/latex/graphics/graphicx.sty
Package: graphicx 2014/10/28 v1.0g Enhanced LaTeX Graphics (DPC,SPQR)

(/usr/share/texlive/texmf-dist/tex/latex/graphics/keyval.sty
Package: keyval 2014/10/28 v1.15 key=value parser (DPC)
\KV@toks@=\toks14
)
(/usr/share/texlive/texmf-dist/tex/latex/graphics/graphics.sty
Package: graphics 2016/10/09 v1.0u Standard LaTeX Graphics (DPC,SPQR)

(/usr/share/texlive/texmf-dist/tex/latex/graphics/trig.sty
Package: trig 2016/01/03 v1.10 sin cos tan (DPC)
)
(/usr/share/texlive/texmf-dist/tex/latex/graphics-cfg/graphics.cfg
File: graphics.cfg 2016/06/04 v1.11 sample graphics configuration
)
Package graphics Info: Driver file: dvips.def on input line 99.

(/usr/share/texlive/texmf-dist/tex/latex/graphics-def/dvips.def
File: dvips.def 2016/07/10 v3.1a Driver-dependent file (DPC,SPQR)
))
\Gin@req@height=\dimen103
\Gin@req@width=\dimen104
)
\epsfxsize=\dimen105
\epsfysize=\dimen106
)
(/usr/share/texlive/texmf-dist/tex/latex/base/fleqn.sty

LaTeX Warning: inputting `fleqn.clo' instead of obsolete `fleqn.sty'.

(/usr/share/texlive/texmf-dist/tex/latex/base/fleqn.clo
File: fleqn.clo 2016/12/29 v1.2a Standard LaTeX option (flush left equations)
\mathindent=\dimen107
Applying: [2015/01/01] Make \[ robust on input line 50.
LaTeX Info: Redefining \[ on input line 51.
Already applied: [0000/00/00] Make \[ robust on input line 62.
Applying: [2015/01/01] Make \] robust on input line 74.
LaTeX Info: Redefining \] on input line 75.
Already applied: [0000/00/00] Make \] robust on input line 83.
))
(/usr/share/texlive/texmf-dist/tex/latex/amsfonts/amssymb.sty
Package: amssymb 2013/01/14 v3.01 AMS font symbols

(/usr/share/texlive/texmf-dist/tex/latex/amsfonts/amsfonts.sty
Package: amsfonts 2013/01/14 v3.01 Basic AMSFonts support
\@emptytoks=\toks15
\symAMSa=\mathgroup4
\symAMSb=\mathgroup5
LaTeX Font Info:    Overwriting math alphabet `\mathfrak' in version `bold'
(Font)                  U/euf/m/n --> U/euf/b/n on input line 106.
))
(/usr/share/texlive/texmf-dist/tex/latex/amsmath/amstext.sty
Package: amstext 2000/06/29 v2.01 AMS text

(/usr/share/texlive/texmf-dist/tex/latex/amsmath/amsgen.sty
File: amsgen.sty 1999/11/30 v2.0 generic functions
\@emptytoks=\toks16
\ex@=\dimen108
))
(/usr/share/texlive/texmf-dist/tex/latex/tools/array.sty
Package: array 2016/10/06 v2.4d Tabular extension package (FMi)
\col@sep=\dimen109
\extrarowheight=\dimen110
\NC@list=\toks17
\extratabsurround=\skip43
\backup@length=\skip44
)
(/usr/share/texlive/texmf-dist/tex/latex/base/inputenc.sty
Package: inputenc 2015/03/17 v1.2c Input encoding file
\inpenc@prehook=\toks18
\inpenc@posthook=\toks19

(/usr/share/texlive/texmf-dist/tex/latex/base/latin1.def
File: latin1.def 2015/03/17 v1.2c Input encoding file
))
(/usr/share/texlive/texmf-dist/tex/latex/amsmath/amsmath.sty
Package: amsmath 2016/11/05 v2.16a AMS math features
\@mathmargin=\skip45

For additional information on amsmath, use the `?' option.
(/usr/share/texlive/texmf-dist/tex/latex/amsmath/amsbsy.sty
Package: amsbsy 1999/11/29 v1.2d Bold Symbols
\pmbraise@=\dimen111
)
(/usr/share/texlive/texmf-dist/tex/latex/amsmath/amsopn.sty
Package: amsopn 2016/03/08 v2.02 operator names
)
\inf@bad=\count87
LaTeX Info: Redefining \frac on input line 213.
\uproot@=\count88
\leftroot@=\count89
LaTeX Info: Redefining \overline on input line 375.
\classnum@=\count90
\DOTSCASE@=\count91
LaTeX Info: Redefining \ldots on input line 472.
LaTeX Info: Redefining \dots on input line 475.
LaTeX Info: Redefining \cdots on input line 596.
\Mathstrutbox@=\box26
\strutbox@=\box27
\big@size=\dimen112
LaTeX Font Info:    Redeclaring font encoding OML on input line 712.
LaTeX Font Info:    Redeclaring font encoding OMS on input line 713.
\macc@depth=\count92
\c@MaxMatrixCols=\count93
\dotsspace@=\muskip10
\c@parentequation=\count94
\dspbrk@lvl=\count95
\tag@help=\toks20
\row@=\count96
\column@=\count97
\maxfields@=\count98
\andhelp@=\toks21
\eqnshift@=\dimen113
\alignsep@=\dimen114
\tagshift@=\dimen115
\tagwidth@=\dimen116
\totwidth@=\dimen117
\lineht@=\dimen118
\@envbody=\toks22
\multlinegap=\skip46
\multlinetaggap=\skip47
\mathdisplay@stack=\toks23
LaTeX Info: Redefining \[ on input line 2817.
LaTeX Info: Redefining \] on input line 2818.
)
(/usr/share/texlive/texmf-dist/tex/latex/geometry/geometry.sty
Package: geometry 2010/09/12 v5.6 Page Geometry

(/usr/share/texlive/texmf-dist/tex/generic/oberdiek/ifpdf.sty
Package: ifpdf 2016/05/14 v3.1 Provides the ifpdf switch
)
(/usr/share/texlive/texmf-dist/tex/generic/oberdiek/ifvtex.sty
Package: ifvtex 2016/05/16 v1.6 Detect VTeX and its facilities (HO)
Package ifvtex Info: VTeX not detected.
)
(/usr/share/texlive/texmf-dist/tex/generic/ifxetex/ifxetex.sty
Package: ifxetex 2010/09/12 v0.6 Provides ifxetex conditional
)
\Gm@cnth=\count99
\Gm@cntv=\count100
\c@Gm@tempcnt=\count101
\Gm@bindingoffset=\dimen119
\Gm@wd@mp=\dimen120
\Gm@odd@mp=\dimen121
\Gm@even@mp=\dimen122
\Gm@layoutwidth=\dimen123
\Gm@layoutheight=\dimen124
\Gm@layouthoffset=\dimen125
\Gm@layoutvoffset=\dimen126
\Gm@dimlist=\toks24
)
(/usr/share/texlive/texmf-dist/tex/latex/base/latexsym.sty
Package: latexsym 1998/08/17 v2.2e Standard LaTeX package (lasy symbols)
\symlasy=\mathgroup6
LaTeX Font Info:    Overwriting symbol font `lasy' in version `bold'
(Font)                  U/lasy/m/n --> U/lasy/b/n on input line 52.
)
(/usr/share/texlive/texmf-dist/tex/latex/psfrag/psfrag.sty
Package: psfrag 1998/04/11 v3.04 PSfrag (MCG)
\pfg@pcount=\count102
\pfg@scount=\count103
\pfg@temp=\write3
)
(/usr/share/texlive/texmf-dist/tex/latex/setspace/setspace.sty
Package: setspace 2011/12/19 v6.7a set line spacing
)
(/usr/share/texlive/texmf-dist/tex/latex/caption/caption2.sty
Package: caption2 2015/09/15 v2.2-100 Customising captions (AR)


Package caption2 Warning: ****************************************************
(caption2)                THIS PACKAGE IS OBSOLETE:
(caption2)                This package attempts to provide an `caption2'
(caption2)                package v2.0/2.1 author environment so that OLD
(caption2)                documents can be successfully processed. It should
(caption2)                NOT be used for NEW documents! New documents should
(caption2)                use the regular `caption' package v3.x instead.
(caption2)                ****************************************************

(/usr/share/texlive/texmf-dist/tex/latex/caption/caption3.sty
Package: caption3 2016/05/22 v1.7-166 caption3 kernel (AR)
Package caption3 Info: TeX engine: e-TeX on input line 67.
\captionmargin=\dimen127
\captionmargin@=\dimen128
\captionwidth=\dimen129
\caption@tempdima=\dimen130
\caption@indent=\dimen131
\caption@parindent=\dimen132
\caption@hangindent=\dimen133
)
Package caption2 Info: Running in caption2 v2.0 compatibility mode on input lin
e 221.
\captionlinewidth=\dimen134
\realcaptionwidth=\dimen135
)
(/usr/share/texlive/texmf-dist/tex/latex/url/url.sty
\Urlmuskip=\muskip11
Package: url 2013/09/16  ver 3.4  Verb mode for urls, etc.
)
(/usr/share/texlive/texmf-dist/tex/latex/fancyhdr/fancyhdr.sty
Package: fancyhdr 2016/09/06 3.8 Extensive control of page headers and footers
\fancy@headwidth=\skip48
\f@ncyO@elh=\skip49
\f@ncyO@erh=\skip50
\f@ncyO@olh=\skip51
\f@ncyO@orh=\skip52
\f@ncyO@elf=\skip53
\f@ncyO@erf=\skip54
\f@ncyO@olf=\skip55
\f@ncyO@orf=\skip56
)
(/usr/share/texlive/texmf-dist/tex/latex/natbib/natbib.sty
Package: natbib 2010/09/13 8.31b (PWD, AO)
\bibhang=\skip57
\bibsep=\skip58
LaTeX Info: Redefining \cite on input line 694.
\c@NAT@ctr=\count104
)
(/usr/share/texlive/texmf-dist/tex/latex/cancel/cancel.sty
Package: cancel 2013/04/12 v2.2 Cancel math terms
)
(/usr/share/texlive/texmf-dist/tex/latex/hyperref/hyperref.sty
Package: hyperref 2016/06/24 v6.83q Hypertext links for LaTeX

(/usr/share/texlive/texmf-dist/tex/generic/oberdiek/hobsub-hyperref.sty
Package: hobsub-hyperref 2016/05/16 v1.14 Bundle oberdiek, subset hyperref (HO)


(/usr/share/texlive/texmf-dist/tex/generic/oberdiek/hobsub-generic.sty
Package: hobsub-generic 2016/05/16 v1.14 Bundle oberdiek, subset generic (HO)
Package: hobsub 2016/05/16 v1.14 Construct package bundles (HO)
Package: infwarerr 2016/05/16 v1.4 Providing info/warning/error messages (HO)
Package: ltxcmds 2016/05/16 v1.23 LaTeX kernel commands for general use (HO)
Package: ifluatex 2016/05/16 v1.4 Provides the ifluatex switch (HO)
Package ifluatex Info: LuaTeX not detected.
Package hobsub Info: Skipping package `ifvtex' (already loaded).
Package: intcalc 2016/05/16 v1.2 Expandable calculations with integers (HO)
Package hobsub Info: Skipping package `ifpdf' (already loaded).
Package: etexcmds 2016/05/16 v1.6 Avoid name clashes with e-TeX commands (HO)
Package etexcmds Info: Could not find \expanded.
(etexcmds)             That can mean that you are not using pdfTeX 1.50 or
(etexcmds)             that some package has redefined \expanded.
(etexcmds)             In the latter case, load this package earlier.
Package: kvsetkeys 2016/05/16 v1.17 Key value parser (HO)
Package: kvdefinekeys 2016/05/16 v1.4 Define keys (HO)
Package: pdftexcmds 2016/05/21 v0.22 Utility functions of pdfTeX for LuaTeX (HO
)
Package pdftexcmds Info: LuaTeX not detected.
Package pdftexcmds Info: \pdf@primitive is available.
Package pdftexcmds Info: \pdf@ifprimitive is available.
Package pdftexcmds Info: \pdfdraftmode found.
Package: pdfescape 2016/05/16 v1.14 Implements pdfTeX's escape features (HO)
Package: bigintcalc 2016/05/16 v1.4 Expandable calculations on big integers (HO
)
Package: bitset 2016/05/16 v1.2 Handle bit-vector datatype (HO)
Package: uniquecounter 2016/05/16 v1.3 Provide unlimited unique counter (HO)
)
Package hobsub Info: Skipping package `hobsub' (already loaded).
Package: letltxmacro 2016/05/16 v1.5 Let assignment for LaTeX macros (HO)
Package: hopatch 2016/05/16 v1.3 Wrapper for package hooks (HO)
Package: xcolor-patch 2016/05/16 xcolor patch
Package: atveryend 2016/05/16 v1.9 Hooks at the very end of document (HO)
Package atveryend Info: \enddocument detected (standard20110627).
Package: atbegshi 2016/06/09 v1.18 At begin shipout hook (HO)
Package: refcount 2016/05/16 v3.5 Data extraction from label references (HO)
Package: hycolor 2016/05/16 v1.8 Color options for hyperref/bookmark (HO)
)
(/usr/share/texlive/texmf-dist/tex/latex/oberdiek/auxhook.sty
Package: auxhook 2016/05/16 v1.4 Hooks for auxiliary files (HO)
)
(/usr/share/texlive/texmf-dist/tex/latex/oberdiek/kvoptions.sty
Package: kvoptions 2016/05/16 v3.12 Key value format for package options (HO)
)
\@linkdim=\dimen136
\Hy@linkcounter=\count105
\Hy@pagecounter=\count106

(/usr/share/texlive/texmf-dist/tex/latex/hyperref/pd1enc.def
File: pd1enc.def 2016/06/24 v6.83q Hyperref: PDFDocEncoding definition (HO)
)
\Hy@SavedSpaceFactor=\count107

(/usr/share/texlive/texmf-dist/tex/latex/latexconfig/hyperref.cfg
File: hyperref.cfg 2002/06/06 v1.2 hyperref configuration of TeXLive
)
Package hyperref Info: Hyper figures OFF on input line 4486.
Package hyperref Info: Link nesting OFF on input line 4491.
Package hyperref Info: Hyper index ON on input line 4494.
Package hyperref Info: Plain pages OFF on input line 4501.
Package hyperref Info: Backreferencing OFF on input line 4506.
Package hyperref Info: Implicit mode ON; LaTeX internals redefined.
Package hyperref Info: Bookmarks ON on input line 4735.
\c@Hy@tempcnt=\count108
LaTeX Info: Redefining \url on input line 5088.
\XeTeXLinkMargin=\dimen137
\Fld@menulength=\count109
\Field@Width=\dimen138
\Fld@charsize=\dimen139
Package hyperref Info: Hyper figures OFF on input line 6342.
Package hyperref Info: Link nesting OFF on input line 6347.
Package hyperref Info: Hyper index ON on input line 6350.
Package hyperref Info: backreferencing OFF on input line 6357.
Package hyperref Info: Link coloring OFF on input line 6362.
Package hyperref Info: Link coloring with OCG OFF on input line 6367.
Package hyperref Info: PDF/A mode OFF on input line 6372.
LaTeX Info: Redefining \ref on input line 6412.
LaTeX Info: Redefining \pageref on input line 6416.
\Hy@abspage=\count110
\c@Item=\count111
\c@Hfootnote=\count112
)

Package hyperref Message: Driver (autodetected): hpdftex.

(/usr/share/texlive/texmf-dist/tex/latex/hyperref/hpdftex.def
File: hpdftex.def 2016/06/24 v6.83q Hyperref driver for pdfTeX
\Fld@listcount=\count113
\c@bookmark@seq@number=\count114

(/usr/share/texlive/texmf-dist/tex/latex/oberdiek/rerunfilecheck.sty
Package: rerunfilecheck 2016/05/16 v1.8 Rerun checks for auxiliary files (HO)
Package uniquecounter Info: New unique counter `rerunfilecheck' on input line 2
82.
)
\Hy@SectionHShift=\skip59
)
(/usr/share/texlive/texmf-dist/tex/latex/enumitem/enumitem.sty
Package: enumitem 2011/09/28 v3.5.2 Customized lists
\labelindent=\skip60
\enit@outerparindent=\dimen140
\enit@toks=\toks25
\enit@inbox=\box28
\enitdp@description=\count115
)
(/usr/share/texlive/texmf-dist/tex/latex/pdfpages/pdfpages.sty
Package: pdfpages 2017/01/14 v0.5h Insert pages of external PDF documents (AM)

(/usr/share/texlive/texmf-dist/tex/latex/base/ifthen.sty
Package: ifthen 2014/09/29 v1.1c Standard LaTeX ifthen package (DPC)
)
(/usr/share/texlive/texmf-dist/tex/latex/tools/calc.sty
Package: calc 2014/10/28 v4.3 Infix arithmetic (KKT,FJ)
\calc@Acount=\count116
\calc@Bcount=\count117
\calc@Adimen=\dimen141
\calc@Bdimen=\dimen142
\calc@Askip=\skip61
\calc@Bskip=\skip62
LaTeX Info: Redefining \setlength on input line 80.
LaTeX Info: Redefining \addtolength on input line 81.
\calc@Ccount=\count118
\calc@Cskip=\skip63
)
(/usr/share/texlive/texmf-dist/tex/latex/eso-pic/eso-pic.sty
Package: eso-pic 2015/07/21 v2.0g eso-pic (RN)

(/usr/share/texlive/texmf-dist/tex/latex/xcolor/xcolor.sty
Package: xcolor 2016/05/11 v2.12 LaTeX color extensions (UK)

(/usr/share/texlive/texmf-dist/tex/latex/graphics-cfg/color.cfg
File: color.cfg 2016/01/02 v1.6 sample color configuration
)
Package xcolor Info: Driver file: pdftex.def on input line 225.

(/usr/share/texlive/texmf-dist/tex/latex/graphics-def/pdftex.def
File: pdftex.def 2017/01/12 v0.06k Graphics/color for pdfTeX
\Gread@gobject=\count119
)
Package xcolor Info: Model `cmy' substituted by `cmy0' on input line 1348.
Package xcolor Info: Model `RGB' extended on input line 1364.
Package xcolor Info: Model `HTML' substituted by `rgb' on input line 1366.
Package xcolor Info: Model `Hsb' substituted by `hsb' on input line 1367.
Package xcolor Info: Model `tHsb' substituted by `hsb' on input line 1368.
Package xcolor Info: Model `HSB' substituted by `hsb' on input line 1369.
Package xcolor Info: Model `Gray' substituted by `gray' on input line 1370.
Package xcolor Info: Model `wave' substituted by `hsb' on input line 1371.
))
\AM@pagewidth=\dimen143
\AM@pageheight=\dimen144

(/usr/share/texlive/texmf-dist/tex/latex/pdfpages/pppdftex.def
File: pppdftex.def 2017/01/14 v0.5h Pdfpages driver for pdfTeX (AM)
)
\AM@pagebox=\box29
\AM@global@opts=\toks26
\AM@toc@title=\toks27
\c@AM@survey=\count120
\AM@templatesizebox=\box30
)
(/usr/share/texlive/texmf-dist/tex/latex/tools/indentfirst.sty
Package: indentfirst 1995/11/23 v1.03 Indent first paragraph (DPC)
)
(/usr/share/texlive/texmf-dist/tex/latex/float/float.sty
Package: float 2001/11/08 v1.3d Float enhancements (AL)
\c@float@type=\count121
\float@exts=\toks28
\float@box=\box31
\@float@everytoks=\toks29
\@floatcapt=\box32
)
(/usr/share/texlive/texmf-dist/tex/latex/oberdiek/pdflscape.sty
Package: pdflscape 2016/05/14 v0.11 Display of landscape pages in PDF (HO)

(/usr/share/texlive/texmf-dist/tex/latex/graphics/lscape.sty
Package: lscape 2000/10/22 v3.01 Landscape Pages (DPC)
)
Package pdflscape Info: Auto-detected driver: pdftex on input line 81.
)
(/usr/share/texlive/texmf-dist/tex/latex/multirow/multirow.sty
Package: multirow 2016/11/25 v2.2 Span multiple rows of a table
\multirow@colwidth=\skip64
\multirow@cntb=\count122
\multirow@dima=\skip65
\bigstrutjot=\dimen145
)
(/usr/share/texlive/texmf-dist/tex/latex/tools/longtable.sty
Package: longtable 2014/10/28 v4.11 Multi-page Table package (DPC)
\LTleft=\skip66
\LTright=\skip67
\LTpre=\skip68
\LTpost=\skip69
\LTchunksize=\count123
\LTcapwidth=\dimen146
\LT@head=\box33
\LT@firsthead=\box34
\LT@foot=\box35
\LT@lastfoot=\box36
\LT@cols=\count124
\LT@rows=\count125
\c@LT@tables=\count126
\c@LT@chunks=\count127
\LT@p@ftn=\toks30
)
(/usr/share/texlive/texmf-dist/tex/latex/subfiles/subfiles.sty
Package: subfiles 2012/05/23 Federico Garcia

(/usr/share/texlive/texmf-dist/tex/latex/tools/verbatim.sty
Package: verbatim 2014/10/28 v1.5q LaTeX2e package for verbatim enhancements
\every@verbatim=\toks31
\verbatim@line=\toks32
\verbatim@in@stream=\read1
))
(/usr/share/texlive/texmf-dist/tex/latex/blindtext/blindtext.sty
Package: blindtext 2012/01/06 V2.0 blindtext-Package

(/usr/share/texlive/texmf-dist/tex/latex/tools/xspace.sty
Package: xspace 2014/10/28 v1.13 Space after command names (DPC,MH)
)
\c@blindtext=\count128
\c@Blindtext=\count129
\c@blind@countparstart=\count130
\blind@countxx=\count131
\blindtext@numBlindtext=\count132
\blind@countyy=\count133
\c@blindlist=\count134
\c@blindlistlevel=\count135
\c@blindlist@level=\count136
\blind@listitem=\count137
\c@blind@listcount=\count138
\c@blind@levelcount=\count139
\blind@mathformula=\count140
\blind@Mathformula=\count141
\c@blind@randomcount=\count142
\c@blind@randommax=\count143
\c@blind@pangramcount=\count144
\c@blind@pangrammax=\count145
)
Package hyperref Info: Option `colorlinks' set `true' on input line 45.
 (./main.aux)
\openout1 = `main.aux'.

LaTeX Font Info:    Checking defaults for OML/cmm/m/it on input line 72.
LaTeX Font Info:    ... okay on input line 72.
LaTeX Font Info:    Checking defaults for T1/cmr/m/n on input line 72.
LaTeX Font Info:    ... okay on input line 72.
LaTeX Font Info:    Checking defaults for OT1/cmr/m/n on input line 72.
LaTeX Font Info:    ... okay on input line 72.
LaTeX Font Info:    Checking defaults for OMS/cmsy/m/n on input line 72.
LaTeX Font Info:    ... okay on input line 72.
LaTeX Font Info:    Checking defaults for OMX/cmex/m/n on input line 72.
LaTeX Font Info:    ... okay on input line 72.
LaTeX Font Info:    Checking defaults for U/cmr/m/n on input line 72.
LaTeX Font Info:    ... okay on input line 72.
LaTeX Font Info:    Checking defaults for PD1/pdf/m/n on input line 72.
LaTeX Font Info:    ... okay on input line 72.

*geometry* driver: auto-detecting
*geometry* detected driver: pdftex
*geometry* verbose mode - [ preamble ] result:
* driver: pdftex
* paper: <default>
* layout: <same size as paper>
* layoutoffset:(h,v)=(0.0pt,0.0pt)
* modes: 
* h-part:(L,W,R)=(72.26999pt, 469.75502pt, 72.26999pt)
* v-part:(T,H,B)=(72.26999pt, 650.43001pt, 72.26999pt)
* \paperwidth=614.295pt
* \paperheight=794.96999pt
* \textwidth=469.75502pt
* \textheight=650.43001pt
* \oddsidemargin=0.0pt
* \evensidemargin=0.0pt
* \topmargin=-37.0pt
* \headheight=12.0pt
* \headsep=25.0pt
* \topskip=12.0pt
* \footskip=30.0pt
* \marginparwidth=44.0pt
* \marginparsep=10.0pt
* \columnsep=10.0pt
* \skip\footins=10.8pt plus 4.0pt minus 2.0pt
* \hoffset=0.0pt
* \voffset=0.0pt
* \mag=1000
* \@twocolumnfalse
* \@twosidefalse
* \@mparswitchfalse
* \@reversemarginfalse
* (1in=72.27pt=25.4mm, 1cm=28.453pt)

Package caption Info: Begin \AtBeginDocument code.
Package caption Info: End \AtBeginDocument code.
\AtBeginShipoutBox=\box37
Package hyperref Info: Link coloring ON on input line 72.
(/usr/share/texlive/texmf-dist/tex/latex/hyperref/nameref.sty
Package: nameref 2016/05/21 v2.44 Cross-referencing by name of section

(/usr/share/texlive/texmf-dist/tex/generic/oberdiek/gettitlestring.sty
Package: gettitlestring 2016/05/16 v1.5 Cleanup title references (HO)
)
\c@section@level=\count146
)
LaTeX Info: Redefining \ref on input line 72.
LaTeX Info: Redefining \pageref on input line 72.
LaTeX Info: Redefining \nameref on input line 72.

(./main.out) (./main.out)
\@outlinefile=\write4
\openout4 = `main.out'.


(/usr/share/texlive/texmf-dist/tex/context/base/mkii/supp-pdf.mkii
[Loading MPS to PDF converter (version 2006.09.02).]
\scratchcounter=\count147
\scratchdimen=\dimen147
\scratchbox=\box38
\nofMPsegments=\count148
\nofMParguments=\count149
\everyMPshowfont=\toks33
\MPscratchCnt=\count150
\MPscratchDim=\dimen148
\MPnumerator=\count151
\makeMPintoPDFobject=\count152
\everyMPtoPDFconversion=\toks34
) (/usr/share/texlive/texmf-dist/tex/latex/oberdiek/epstopdf-base.sty
Package: epstopdf-base 2016/05/15 v2.6 Base part for package epstopdf

(/usr/share/texlive/texmf-dist/tex/latex/oberdiek/grfext.sty
Package: grfext 2016/05/16 v1.2 Manage graphics extensions (HO)
)
Package epstopdf-base Info: Redefining graphics rule for `.eps' on input line 4
38.
Package grfext Info: Graphics extension search list:
(grfext)             [.png,.pdf,.jpg,.mps,.jpeg,.jbig2,.jb2,.PNG,.PDF,.JPG,.JPE
G,.JBIG2,.JB2,.eps]
(grfext)             \AppendGraphicsExtensions on input line 456.

(/usr/share/texlive/texmf-dist/tex/latex/latexconfig/epstopdf-sys.cfg
File: epstopdf-sys.cfg 2010/07/13 v1.3 Configuration of (r)epstopdf for TeX Liv
e
))
(./main.toc)
\tf@toc=\write5
\openout5 = `main.toc'.

 [1
Non-PDF special ignored!
Non-PDF special ignored!

{/var/lib/texmf/fonts/map/pdftex/updmap/pdftex.map}]
(./main.lof
LaTeX Font Info:    Try loading font information for U+msa on input line 1.
 (/usr/share/texlive/texmf-dist/tex/latex/amsfonts/umsa.fd
File: umsa.fd 2013/01/14 v3.01 AMS symbols A
)
LaTeX Font Info:    Try loading font information for U+msb on input line 1.

(/usr/share/texlive/texmf-dist/tex/latex/amsfonts/umsb.fd
File: umsb.fd 2013/01/14 v3.01 AMS symbols B
)
LaTeX Font Info:    Try loading font information for U+lasy on input line 1.

(/usr/share/texlive/texmf-dist/tex/latex/base/ulasy.fd
File: ulasy.fd 1998/08/17 v2.2e LaTeX symbol font definitions
))
\tf@lof=\write6
\openout6 = `main.lof'.

 [2] (./main.lot)
\tf@lot=\write7
\openout7 = `main.lot'.


[3] (./Document_Sections/average_read_depths.tex [1pdfTeX warning (ext4): desti
nation with the same identifier (name{table.1}) has been already used, duplicat
e ignored

\AtBegShi@Output ...ipout \box \AtBeginShipoutBox 
                                                  \fi \fi 
l.56 
     ]
<Figures/Ar73_collected_no_comma_read_depth.pdf, id=80, 505.89pt x 505.89pt>
File: Figures/Ar73_collected_no_comma_read_depth.pdf Graphic file (type pdf)

<use Figures/Ar73_collected_no_comma_read_depth.pdf>
Package pdftex.def Info: Figures/Ar73_collected_no_comma_read_depth.pdf used on
 input line 62.
(pdftex.def)             Requested size: 505.88875pt x 505.88875pt.

<Figures/Ar73_collected_no_comma_count.pdf, id=81, 505.89pt x 505.89pt>
File: Figures/Ar73_collected_no_comma_count.pdf Graphic file (type pdf)

<use Figures/Ar73_collected_no_comma_count.pdf>
Package pdftex.def Info: Figures/Ar73_collected_no_comma_count.pdf used on inpu
t line 63.
(pdftex.def)             Requested size: 505.88875pt x 505.88875pt.

<Figures/Ar109_collected_no_comma_read_depth.pdf, id=82, 505.89pt x 505.89pt>
File: Figures/Ar109_collected_no_comma_read_depth.pdf Graphic file (type pdf)

<use Figures/Ar109_collected_no_comma_read_depth.pdf>
Package pdftex.def Info: Figures/Ar109_collected_no_comma_read_depth.pdf used o
n input line 64.
(pdftex.def)             Requested size: 505.88875pt x 505.88875pt.

<Figures/Ar109_collected_no_comma_count.pdf, id=83, 505.89pt x 505.89pt>
File: Figures/Ar109_collected_no_comma_count.pdf Graphic file (type pdf)

<use Figures/Ar109_collected_no_comma_count.pdf>
Package pdftex.def Info: Figures/Ar109_collected_no_comma_count.pdf used on inp
ut line 65.
(pdftex.def)             Requested size: 505.88875pt x 505.88875pt.

<Figures/Ar119_collected_no_comma_read_depth.pdf, id=84, 505.89pt x 505.89pt>
File: Figures/Ar119_collected_no_comma_read_depth.pdf Graphic file (type pdf)

<use Figures/Ar119_collected_no_comma_read_depth.pdf>
Package pdftex.def Info: Figures/Ar119_collected_no_comma_read_depth.pdf used o
n input line 66.
(pdftex.def)             Requested size: 505.88875pt x 505.88875pt.

<Figures/Ar119_collected_no_comma_count.pdf, id=85, 505.89pt x 505.89pt>
File: Figures/Ar119_collected_no_comma_count.pdf Graphic file (type pdf)

<use Figures/Ar119_collected_no_comma_count.pdf>
Package pdftex.def Info: Figures/Ar119_collected_no_comma_count.pdf used on inp
ut line 67.
(pdftex.def)             Requested size: 505.88875pt x 505.88875pt.

<Figures/Ar142_collected_no_comma_read_depth.pdf, id=86, 505.89pt x 505.89pt>
File: Figures/Ar142_collected_no_comma_read_depth.pdf Graphic file (type pdf)

<use Figures/Ar142_collected_no_comma_read_depth.pdf>
Package pdftex.def Info: Figures/Ar142_collected_no_comma_read_depth.pdf used o
n input line 77.
(pdftex.def)             Requested size: 505.88875pt x 505.88875pt.

<Figures/Ar142_collected_no_comma_count.pdf, id=87, 505.89pt x 505.89pt>
File: Figures/Ar142_collected_no_comma_count.pdf Graphic file (type pdf)

<use Figures/Ar142_collected_no_comma_count.pdf>
Package pdftex.def Info: Figures/Ar142_collected_no_comma_count.pdf used on inp
ut line 78.
(pdftex.def)             Requested size: 505.88875pt x 505.88875pt.

<Figures/Ar159_collected_no_comma_read_depth.pdf, id=88, 505.89pt x 505.89pt>
File: Figures/Ar159_collected_no_comma_read_depth.pdf Graphic file (type pdf)

<use Figures/Ar159_collected_no_comma_read_depth.pdf>
Package pdftex.def Info: Figures/Ar159_collected_no_comma_read_depth.pdf used o
n input line 79.
(pdftex.def)             Requested size: 505.88875pt x 505.88875pt.

<Figures/Ar159_collected_no_comma_count.pdf, id=89, 505.89pt x 505.89pt>
File: Figures/Ar159_collected_no_comma_count.pdf Graphic file (type pdf)

<use Figures/Ar159_collected_no_comma_count.pdf>
Package pdftex.def Info: Figures/Ar159_collected_no_comma_count.pdf used on inp
ut line 80.
(pdftex.def)             Requested size: 505.88875pt x 505.88875pt.

<Figures/Ar170_collected_no_comma_read_depth.pdf, id=90, 505.89pt x 505.89pt>
File: Figures/Ar170_collected_no_comma_read_depth.pdf Graphic file (type pdf)

<use Figures/Ar170_collected_no_comma_read_depth.pdf>
Package pdftex.def Info: Figures/Ar170_collected_no_comma_read_depth.pdf used o
n input line 81.
(pdftex.def)             Requested size: 505.88875pt x 505.88875pt.

<Figures/Ar170_collected_no_comma_count.pdf, id=91, 505.89pt x 505.89pt>
File: Figures/Ar170_collected_no_comma_count.pdf Graphic file (type pdf)

<use Figures/Ar170_collected_no_comma_count.pdf>
Package pdftex.def Info: Figures/Ar170_collected_no_comma_count.pdf used on inp
ut line 82.
(pdftex.def)             Requested size: 505.88875pt x 505.88875pt.
 [2]
Overfull \vbox (27.45546pt too high) has occurred while \output is active []


[3pdfTeX warning (ext4): destination with the same identifier (name{figure.1}) 
has been already used, duplicate ignored

\AtBegShi@Output ...ipout \box \AtBeginShipoutBox 
                                                  \fi \fi 
l.88 \end{figure}
                  <./Figures/Ar73_collected_no_comma_read_depth.pdf> <./Figures
/Ar73_collected_no_comma_count.pdf> <./Figures/Ar109_collected_no_comma_read_de
pth.pdf> <./Figures/Ar109_collected_no_comma_count.pdf> <./Figures/Ar119_collec
ted_no_comma_read_depth.pdf> <./Figures/Ar119_collected_no_comma_count.pdf>]
<Figures/Ar174_collected_no_comma_read_depth.pdf, id=136, 505.89pt x 505.89pt>
File: Figures/Ar174_collected_no_comma_read_depth.pdf Graphic file (type pdf)

<use Figures/Ar174_collected_no_comma_read_depth.pdf>
Package pdftex.def Info: Figures/Ar174_collected_no_comma_read_depth.pdf used o
n input line 92.
(pdftex.def)             Requested size: 505.88875pt x 505.88875pt.

<Figures/Ar174_collected_no_comma_count.pdf, id=137, 505.89pt x 505.89pt>
File: Figures/Ar174_collected_no_comma_count.pdf Graphic file (type pdf)

<use Figures/Ar174_collected_no_comma_count.pdf>
Package pdftex.def Info: Figures/Ar174_collected_no_comma_count.pdf used on inp
ut line 93.
(pdftex.def)             Requested size: 505.88875pt x 505.88875pt.

<Figures/Ar175_collected_no_comma_read_depth.pdf, id=138, 505.89pt x 505.89pt>
File: Figures/Ar175_collected_no_comma_read_depth.pdf Graphic file (type pdf)

<use Figures/Ar175_collected_no_comma_read_depth.pdf>
Package pdftex.def Info: Figures/Ar175_collected_no_comma_read_depth.pdf used o
n input line 94.
(pdftex.def)             Requested size: 505.88875pt x 505.88875pt.

<Figures/Ar175_collected_no_comma_count.pdf, id=139, 505.89pt x 505.89pt>
File: Figures/Ar175_collected_no_comma_count.pdf Graphic file (type pdf)

<use Figures/Ar175_collected_no_comma_count.pdf>
Package pdftex.def Info: Figures/Ar175_collected_no_comma_count.pdf used on inp
ut line 95.
(pdftex.def)             Requested size: 505.88875pt x 505.88875pt.

<Figures/Ar176_collected_no_comma_read_depth.pdf, id=140, 505.89pt x 505.89pt>
File: Figures/Ar176_collected_no_comma_read_depth.pdf Graphic file (type pdf)

<use Figures/Ar176_collected_no_comma_read_depth.pdf>
Package pdftex.def Info: Figures/Ar176_collected_no_comma_read_depth.pdf used o
n input line 96.
(pdftex.def)             Requested size: 505.88875pt x 505.88875pt.

<Figures/Ar176_collected_no_comma_count.pdf, id=141, 505.89pt x 505.89pt>
File: Figures/Ar176_collected_no_comma_count.pdf Graphic file (type pdf)

<use Figures/Ar176_collected_no_comma_count.pdf>
Package pdftex.def Info: Figures/Ar176_collected_no_comma_count.pdf used on inp
ut line 97.
(pdftex.def)             Requested size: 505.88875pt x 505.88875pt.

Overfull \vbox (27.45546pt too high) has occurred while \output is active []


[4pdfTeX warning (ext4): destination with the same identifier (name{figure.2}) 
has been already used, duplicate ignored

\AtBegShi@Output ...ipout \box \AtBeginShipoutBox 
                                                  \fi \fi 
l.103 \end{figure}
                   <./Figures/Ar142_collected_no_comma_read_depth.pdf> <./Figur
es/Ar142_collected_no_comma_count.pdf> <./Figures/Ar159_collected_no_comma_read
_depth.pdf> <./Figures/Ar159_collected_no_comma_count.pdf> <./Figures/Ar170_col
lected_no_comma_read_depth.pdf> <./Figures/Ar170_collected_no_comma_count.pdf>]

<Figures/Ar179_collected_no_comma_read_depth.pdf, id=184, 505.89pt x 505.89pt>
File: Figures/Ar179_collected_no_comma_read_depth.pdf Graphic file (type pdf)

<use Figures/Ar179_collected_no_comma_read_depth.pdf>
Package pdftex.def Info: Figures/Ar179_collected_no_comma_read_depth.pdf used o
n input line 107.
(pdftex.def)             Requested size: 505.88875pt x 505.88875pt.

<Figures/Ar179_collected_no_comma_count.pdf, id=185, 505.89pt x 505.89pt>
File: Figures/Ar179_collected_no_comma_count.pdf Graphic file (type pdf)

<use Figures/Ar179_collected_no_comma_count.pdf>
Package pdftex.def Info: Figures/Ar179_collected_no_comma_count.pdf used on inp
ut line 108.
(pdftex.def)             Requested size: 505.88875pt x 505.88875pt.

<Figures/Ar188_collected_no_comma_read_depth.pdf, id=186, 505.89pt x 505.89pt>
File: Figures/Ar188_collected_no_comma_read_depth.pdf Graphic file (type pdf)

<use Figures/Ar188_collected_no_comma_read_depth.pdf>
Package pdftex.def Info: Figures/Ar188_collected_no_comma_read_depth.pdf used o
n input line 109.
(pdftex.def)             Requested size: 505.88875pt x 505.88875pt.

<Figures/Ar188_collected_no_comma_count.pdf, id=187, 505.89pt x 505.89pt>
File: Figures/Ar188_collected_no_comma_count.pdf Graphic file (type pdf)

<use Figures/Ar188_collected_no_comma_count.pdf>
Package pdftex.def Info: Figures/Ar188_collected_no_comma_count.pdf used on inp
ut line 110.
(pdftex.def)             Requested size: 505.88875pt x 505.88875pt.

<Figures/Ar194_collected_no_comma_read_depth.pdf, id=188, 505.89pt x 505.89pt>
File: Figures/Ar194_collected_no_comma_read_depth.pdf Graphic file (type pdf)

<use Figures/Ar194_collected_no_comma_read_depth.pdf>
Package pdftex.def Info: Figures/Ar194_collected_no_comma_read_depth.pdf used o
n input line 111.
(pdftex.def)             Requested size: 505.88875pt x 505.88875pt.

<Figures/Ar194_collected_no_comma_count.pdf, id=189, 505.89pt x 505.89pt>
File: Figures/Ar194_collected_no_comma_count.pdf Graphic file (type pdf)

<use Figures/Ar194_collected_no_comma_count.pdf>
Package pdftex.def Info: Figures/Ar194_collected_no_comma_count.pdf used on inp
ut line 112.
(pdftex.def)             Requested size: 505.88875pt x 505.88875pt.

Overfull \vbox (27.45546pt too high) has occurred while \output is active []


[5pdfTeX warning (ext4): destination with the same identifier (name{figure.3}) 
has been already used, duplicate ignored

\AtBegShi@Output ...ipout \box \AtBeginShipoutBox 
                                                  \fi \fi 
l.118 \end{figure}
                   <./Figures/Ar174_collected_no_comma_read_depth.pdf> <./Figur
es/Ar174_collected_no_comma_count.pdf> <./Figures/Ar175_collected_no_comma_read
_depth.pdf> <./Figures/Ar175_collected_no_comma_count.pdf> <./Figures/Ar176_col
lected_no_comma_read_depth.pdf> <./Figures/Ar176_collected_no_comma_count.pdf>]

<Figures/Ar196_collected_no_comma_read_depth.pdf, id=230, 505.89pt x 505.89pt>
File: Figures/Ar196_collected_no_comma_read_depth.pdf Graphic file (type pdf)

<use Figures/Ar196_collected_no_comma_read_depth.pdf>
Package pdftex.def Info: Figures/Ar196_collected_no_comma_read_depth.pdf used o
n input line 122.
(pdftex.def)             Requested size: 505.88875pt x 505.88875pt.

<Figures/Ar196_collected_no_comma_count.pdf, id=231, 505.89pt x 505.89pt>
File: Figures/Ar196_collected_no_comma_count.pdf Graphic file (type pdf)

<use Figures/Ar196_collected_no_comma_count.pdf>
Package pdftex.def Info: Figures/Ar196_collected_no_comma_count.pdf used on inp
ut line 123.
(pdftex.def)             Requested size: 505.88875pt x 505.88875pt.

<Figures/Ar201_collected_no_comma_read_depth.pdf, id=232, 505.89pt x 505.89pt>
File: Figures/Ar201_collected_no_comma_read_depth.pdf Graphic file (type pdf)

<use Figures/Ar201_collected_no_comma_read_depth.pdf>
Package pdftex.def Info: Figures/Ar201_collected_no_comma_read_depth.pdf used o
n input line 124.
(pdftex.def)             Requested size: 505.88875pt x 505.88875pt.

<Figures/Ar201_collected_no_comma_count.pdf, id=233, 505.89pt x 505.89pt>
File: Figures/Ar201_collected_no_comma_count.pdf Graphic file (type pdf)

<use Figures/Ar201_collected_no_comma_count.pdf>
Package pdftex.def Info: Figures/Ar201_collected_no_comma_count.pdf used on inp
ut line 125.
(pdftex.def)             Requested size: 505.88875pt x 505.88875pt.

<Figures/Ar213_collected_no_comma_read_depth.pdf, id=234, 505.89pt x 505.89pt>
File: Figures/Ar213_collected_no_comma_read_depth.pdf Graphic file (type pdf)

<use Figures/Ar213_collected_no_comma_read_depth.pdf>
Package pdftex.def Info: Figures/Ar213_collected_no_comma_read_depth.pdf used o
n input line 126.
(pdftex.def)             Requested size: 505.88875pt x 505.88875pt.

<Figures/Ar213_collected_no_comma_count.pdf, id=235, 505.89pt x 505.89pt>
File: Figures/Ar213_collected_no_comma_count.pdf Graphic file (type pdf)

<use Figures/Ar213_collected_no_comma_count.pdf>
Package pdftex.def Info: Figures/Ar213_collected_no_comma_count.pdf used on inp
ut line 127.
(pdftex.def)             Requested size: 505.88875pt x 505.88875pt.

Overfull \vbox (27.45546pt too high) has occurred while \output is active []


[6pdfTeX warning (ext4): destination with the same identifier (name{figure.4}) 
has been already used, duplicate ignored

\AtBegShi@Output ...ipout \box \AtBeginShipoutBox 
                                                  \fi \fi 
l.133 \end{figure}
                   <./Figures/Ar179_collected_no_comma_read_depth.pdf> <./Figur
es/Ar179_collected_no_comma_count.pdf> <./Figures/Ar188_collected_no_comma_read
_depth.pdf> <./Figures/Ar188_collected_no_comma_count.pdf> <./Figures/Ar194_col
lected_no_comma_read_depth.pdf> <./Figures/Ar194_collected_no_comma_count.pdf>]

Overfull \vbox (27.45546pt too high) has occurred while \output is active []


[7pdfTeX warning (ext4): destination with the same identifier (name{figure.5}) 
has been already used, duplicate ignored

\AtBegShi@Output ...ipout \box \AtBeginShipoutBox 
                                                  \fi \fi 
l.134 \newpage
               <./Figures/Ar196_collected_no_comma_read_depth.pdf> <./Figures/A
r196_collected_no_comma_count.pdf> <./Figures/Ar201_collected_no_comma_read_dep
th.pdf> <./Figures/Ar201_collected_no_comma_count.pdf> <./Figures/Ar213_collect
ed_no_comma_read_depth.pdf> <./Figures/Ar213_collected_no_comma_count.pdf>])
(./Document_Sections/armg_indels.tex
Underfull \hbox (badness 10000) in paragraph at lines 16--16

 []

[8]
Overfull \vbox (5.45598pt too high) has occurred while \output is active []


[9pdfTeX warning (ext4): destination with the same identifier (name{table.2}) h
as been already used, duplicate ignored

\AtBegShi@Output ...ipout \box \AtBeginShipoutBox 
                                                  \fi \fi 
l.87 
     ] <Figures/Ar109_histogram.pdf, id=327, 505.89pt x 505.89pt>
File: Figures/Ar109_histogram.pdf Graphic file (type pdf)

<use Figures/Ar109_histogram.pdf>
Package pdftex.def Info: Figures/Ar109_histogram.pdf used on input line 92.
(pdftex.def)             Requested size: 505.88875pt x 505.88875pt.

<Figures/Ar119_histogram.pdf, id=328, 505.89pt x 505.89pt>
File: Figures/Ar119_histogram.pdf Graphic file (type pdf)

<use Figures/Ar119_histogram.pdf>
Package pdftex.def Info: Figures/Ar119_histogram.pdf used on input line 93.
(pdftex.def)             Requested size: 505.88875pt x 505.88875pt.

<Figures/Ar142_histogram.pdf, id=329, 505.89pt x 505.89pt>
File: Figures/Ar142_histogram.pdf Graphic file (type pdf)

<use Figures/Ar142_histogram.pdf>
Package pdftex.def Info: Figures/Ar142_histogram.pdf used on input line 94.
(pdftex.def)             Requested size: 505.88875pt x 505.88875pt.

<Figures/Ar159_histogram.pdf, id=330, 505.89pt x 505.89pt>
File: Figures/Ar159_histogram.pdf Graphic file (type pdf)

<use Figures/Ar159_histogram.pdf>
Package pdftex.def Info: Figures/Ar159_histogram.pdf used on input line 95.
(pdftex.def)             Requested size: 505.88875pt x 505.88875pt.

<Figures/Ar170_histogram.pdf, id=331, 505.89pt x 505.89pt>
File: Figures/Ar170_histogram.pdf Graphic file (type pdf)

<use Figures/Ar170_histogram.pdf>
Package pdftex.def Info: Figures/Ar170_histogram.pdf used on input line 96.
(pdftex.def)             Requested size: 505.88875pt x 505.88875pt.

<Figures/Ar174_histogram.pdf, id=332, 505.89pt x 505.89pt>
File: Figures/Ar174_histogram.pdf Graphic file (type pdf)

<use Figures/Ar174_histogram.pdf>
Package pdftex.def Info: Figures/Ar174_histogram.pdf used on input line 97.
(pdftex.def)             Requested size: 505.88875pt x 505.88875pt.

Overfull \vbox (10.61856pt too high) has occurred while \output is active []


[10pdfTeX warning (ext4): destination with the same identifier (name{figure.6})
 has been already used, duplicate ignored

\AtBegShi@Output ...ipout \box \AtBeginShipoutBox 
                                                  \fi \fi 
l.104 
       <./Figures/Ar109_histogram.pdf> <./Figures/Ar119_histogram.pdf> <./Figur
es/Ar142_histogram.pdf> <./Figures/Ar159_histogram.pdf> <./Figures/Ar170_histog
ram.pdf> <./Figures/Ar174_histogram.pdf>]
<Figures/Ar175_histogram.pdf, id=368, 505.89pt x 505.89pt>
File: Figures/Ar175_histogram.pdf Graphic file (type pdf)

<use Figures/Ar175_histogram.pdf>
Package pdftex.def Info: Figures/Ar175_histogram.pdf used on input line 108.
(pdftex.def)             Requested size: 505.88875pt x 505.88875pt.

<Figures/Ar176_histogram.pdf, id=369, 505.89pt x 505.89pt>
File: Figures/Ar176_histogram.pdf Graphic file (type pdf)

<use Figures/Ar176_histogram.pdf>
Package pdftex.def Info: Figures/Ar176_histogram.pdf used on input line 109.
(pdftex.def)             Requested size: 505.88875pt x 505.88875pt.

<Figures/Ar179_histogram.pdf, id=370, 505.89pt x 505.89pt>
File: Figures/Ar179_histogram.pdf Graphic file (type pdf)

<use Figures/Ar179_histogram.pdf>
Package pdftex.def Info: Figures/Ar179_histogram.pdf used on input line 110.
(pdftex.def)             Requested size: 505.88875pt x 505.88875pt.

<Figures/Ar188_histogram.pdf, id=371, 505.89pt x 505.89pt>
File: Figures/Ar188_histogram.pdf Graphic file (type pdf)

<use Figures/Ar188_histogram.pdf>
Package pdftex.def Info: Figures/Ar188_histogram.pdf used on input line 111.
(pdftex.def)             Requested size: 505.88875pt x 505.88875pt.

<Figures/Ar194_histogram.pdf, id=372, 505.89pt x 505.89pt>
File: Figures/Ar194_histogram.pdf Graphic file (type pdf)

<use Figures/Ar194_histogram.pdf>
Package pdftex.def Info: Figures/Ar194_histogram.pdf used on input line 112.
(pdftex.def)             Requested size: 505.88875pt x 505.88875pt.

<Figures/Ar196_histogram.pdf, id=373, 505.89pt x 505.89pt>
File: Figures/Ar196_histogram.pdf Graphic file (type pdf)

<use Figures/Ar196_histogram.pdf>
Package pdftex.def Info: Figures/Ar196_histogram.pdf used on input line 113.
(pdftex.def)             Requested size: 505.88875pt x 505.88875pt.

Overfull \vbox (10.62215pt too high) has occurred while \output is active []


[11pdfTeX warning (ext4): destination with the same identifier (name{figure.7})
 has been already used, duplicate ignored

\AtBegShi@Output ...ipout \box \AtBeginShipoutBox 
                                                  \fi \fi 
l.120 
       <./Figures/Ar175_histogram.pdf> <./Figures/Ar176_histogram.pdf> <./Figur
es/Ar179_histogram.pdf> <./Figures/Ar188_histogram.pdf> <./Figures/Ar194_histog
ram.pdf> <./Figures/Ar196_histogram.pdf>]
<Figures/Ar201_histogram.pdf, id=408, 505.89pt x 505.89pt>
File: Figures/Ar201_histogram.pdf Graphic file (type pdf)

<use Figures/Ar201_histogram.pdf>
Package pdftex.def Info: Figures/Ar201_histogram.pdf used on input line 124.
(pdftex.def)             Requested size: 505.88875pt x 505.88875pt.

<Figures/Ar213_histogram.pdf, id=409, 505.89pt x 505.89pt>
File: Figures/Ar213_histogram.pdf Graphic file (type pdf)

<use Figures/Ar213_histogram.pdf>
Package pdftex.def Info: Figures/Ar213_histogram.pdf used on input line 125.
(pdftex.def)             Requested size: 505.88875pt x 505.88875pt.

<Figures/Ar73_histogram.pdf, id=410, 505.89pt x 505.89pt>
File: Figures/Ar73_histogram.pdf Graphic file (type pdf)

<use Figures/Ar73_histogram.pdf>
Package pdftex.def Info: Figures/Ar73_histogram.pdf used on input line 126.
(pdftex.def)             Requested size: 505.88875pt x 505.88875pt.

<Figures/1_DP_locations.pdf, id=411, 505.89pt x 505.89pt>
File: Figures/1_DP_locations.pdf Graphic file (type pdf)

<use Figures/1_DP_locations.pdf>
Package pdftex.def Info: Figures/1_DP_locations.pdf used on input line 137.
(pdftex.def)             Requested size: 505.88875pt x 505.88875pt.

<Figures/50_DP_locations.pdf, id=412, 505.89pt x 505.89pt>
File: Figures/50_DP_locations.pdf Graphic file (type pdf)

<use Figures/50_DP_locations.pdf>
Package pdftex.def Info: Figures/50_DP_locations.pdf used on input line 138.
(pdftex.def)             Requested size: 505.88875pt x 505.88875pt.

<Figures/100_DP_locations.pdf, id=413, 505.89pt x 505.89pt>
File: Figures/100_DP_locations.pdf Graphic file (type pdf)

<use Figures/100_DP_locations.pdf>
Package pdftex.def Info: Figures/100_DP_locations.pdf used on input line 139.
(pdftex.def)             Requested size: 505.88875pt x 505.88875pt.

<Figures/211_DP_locations.pdf, id=414, 505.89pt x 505.89pt>
File: Figures/211_DP_locations.pdf Graphic file (type pdf)

<use Figures/211_DP_locations.pdf>
Package pdftex.def Info: Figures/211_DP_locations.pdf used on input line 140.
(pdftex.def)             Requested size: 505.88875pt x 505.88875pt.
 [12pdfTeX warning (ext4): destination with the same identifier (name{figure.8}
) has been already used, duplicate ignored

\AtBegShi@Output ...ipout \box \AtBeginShipoutBox 
                                                  \fi \fi 
l.147 
       <./Figures/Ar201_histogram.pdf> <./Figures/Ar213_histogram.pdf> <./Figur
es/Ar73_histogram.pdf>]) [13pdfTeX warning (ext4): destination with the same id
entifier (name{figure.9}) has been already used, duplicate ignored

\AtBegShi@Output ...ipout \box \AtBeginShipoutBox 
                                                  \fi \fi 
l.99 	\newpage
               <./Figures/1_DP_locations.pdf> <./Figures/50_DP_locations.pdf> <
./Figures/100_DP_locations.pdf> <./Figures/211_DP_locations.pdf>] (./main.bbl)
Package atveryend Info: Empty hook `BeforeClearDocument' on input line 108.
Package atveryend Info: Empty hook `AfterLastShipout' on input line 108.

(./main.aux)
Package atveryend Info: Executing hook `AtVeryEndDocument' on input line 108.
Package atveryend Info: Executing hook `AtEndAfterFileList' on input line 108.
Package rerunfilecheck Info: File `main.out' has not changed.
(rerunfilecheck)             Checksum: 13B8DEE8AE1ACD1F54D904EDCAB994BE;259.
Package atveryend Info: Empty hook `AtVeryVeryEnd' on input line 108.
 ) 
Here is how much of TeX's memory you used:
 10016 strings out of 494902
 152609 string characters out of 6179892
 263603 words of memory out of 5000000
 13044 multiletter control sequences out of 15000+600000
 10222 words of font info for 40 fonts, out of 8000000 for 9000
 36 hyphenation exceptions out of 8191
 37i,11n,43p,828b,408s stack positions out of 5000i,500n,10000p,200000b,80000s
</usr/share/texlive/texmf-dist/fonts/type1/public/amsfonts/cm/cmbx12.pfb></us
r/share/texlive/texmf-dist/fonts/type1/public/amsfonts/cm/cmbxti10.pfb></usr/sh
are/texlive/texmf-dist/fonts/type1/public/amsfonts/cm/cmr12.pfb></usr/share/tex
live/texmf-dist/fonts/type1/public/amsfonts/cm/cmti12.pfb>
Output written on main.pdf (16 pages, 347414 bytes).
PDF statistics:
 483 PDF objects out of 1000 (max. 8388607)
 359 compressed objects within 4 object streams
 35 named destinations out of 1000 (max. 500000)
 286 words of extra memory for PDF output out of 10000 (max. 10000000)

